  Using bundled DotNet SDK version: 6.0.302
  Running UnrealBuildTool: dotnet "..\..\Engine\Binaries\DotNET\UnrealBuildTool\UnrealBuildTool.dll" FirstPersonEditor Win64 Development -Project="C:\UnrealEngine\Dev\CSharpExamples\FirstPerson\FirstPerson.uproject" -WaitMutex -FromMsBuild
  Log file: C:\Users\Jerome\AppData\Local\UnrealBuildTool\Log.txt
  Building FirstPersonEditor...
  Using Visual Studio 2022 14.33.31629 toolchain (C:\Program Files\Microsoft Visual Studio\2022\Community\VC\Tools\MSVC\14.33.31629) and Windows 10.0.19041.0 SDK (C:\Program Files (x86)\Windows Kits\10).
  [Upgrade]
  [Upgrade] Using backward-compatible include order. The latest version of UE has changed the order of includes, which may require code changes. The current setting is:
  [Upgrade]     IncludeOrderVersion = EngineIncludeOrderVersion.Unreal5_1
  [Upgrade] Suppress this message by setting 'IncludeOrderVersion = EngineIncludeOrderVersion.Unreal5_2;' in FirstPersonEditor.Target.cs.
  [Upgrade] Alternatively you can set this to 'EngineIncludeOrderVersion.Latest' to always use the latest include order. This will potentially cause compile errors when integrating new versions of the engine.
  [Upgrade]
  Determining max actions to execute in parallel (14 physical cores, 20 logical cores)
    Executing up to 14 processes, one per physical core
  Building 4 actions with 4 processes...
  [1/4] Compile [x64] FirstPersonGameMode.cpp
  [2/4] Link [x64] UnrealEditor-FirstPerson.lib
     Creating library C:\UnrealEngine\Dev\CSharpExamples\FirstPerson\Intermediate\Build\Win64\x64\UnrealEditor\Development\FirstPerson\UnrealEditor-FirstPerson.lib and object C:\UnrealEngine\Dev\CSharpExamples\FirstPerson\Intermediate\Build\Win64\x64\UnrealEditor\Development\FirstPerson\UnrealEditor-FirstPerson.exp
  [3/4] Link [x64] UnrealEditor-FirstPerson.dll
     Creating library C:\UnrealEngine\Dev\CSharpExamples\FirstPerson\Intermediate\Build\Win64\x64\UnrealEditor\Development\FirstPerson\UnrealEditor-FirstPerson.suppressed.lib and object C:\UnrealEngine\Dev\CSharpExamples\FirstPerson\Intermediate\Build\Win64\x64\UnrealEditor\Development\FirstPerson\UnrealEditor-FirstPerson.suppressed.exp
  [4/4] WriteMetadata FirstPersonEditor.target
  Total time in Parallel executor: 1.46 seconds
  Total execution time: 2.17 seconds
